0 info it worked if it ends with ok
1 verbose cli [
1 verbose cli   'C:\\Program Files\\nodejs\\node.exe',
1 verbose cli   'C:\\Program Files\\nodejs\\node_modules\\npm\\bin\\npm-cli.js',
1 verbose cli   'start'
1 verbose cli ]
2 info using npm@6.14.13
3 info using node@v14.17.0
4 verbose run-script [ 'prestart', 'start', 'poststart' ]
5 info lifecycle frontend@0.0.0~prestart: frontend@0.0.0
6 info lifecycle frontend@0.0.0~start: frontend@0.0.0
7 verbose lifecycle frontend@0.0.0~start: unsafe-perm in lifecycle true
8 verbose lifecycle frontend@0.0.0~start: PATH: C:\Program Files\nodejs\node_modules\npm\node_modules\npm-lifecycle\node-gyp-bin;C:\Users\Ravi Silva\Desktop\Curso Angular 9 - Cod3r\frontend\node_modules\.bin;C:\Program Files\Eclipse Foundation\jdk-8.0.302.8-hotspot\bin;C:\Program Files\Common Files\Oracle\Java\javapath;C:\Windows\system32;C:\Windows;C:\Windows\System32\Wbem;C:\Windows\System32\WindowsPowerShell\v1.0\;C:\Windows\System32\OpenSSH\;C:\Program Files (x86)\NVIDIA Corporation\PhysX\Common;C:\Program Files\NVIDIA Corporation\NVIDIA NvDLISR;C:\Program Files\Git\cmd;C:\Program Files\nodejs\;C:\Program Files\dotnet\;C:\Program Files\Microsoft SQL Server\Client SDK\ODBC\170\Tools\Binn\;C:\Program Files (x86)\Microsoft SQL Server\150\Tools\Binn\;C:\Program Files\Microsoft SQL Server\150\Tools\Binn\;C:\Program Files\Microsoft SQL Server\150\DTS\Binn\;C:\Program Files (x86)\Microsoft SQL Server\150\DTS\Binn\;C:\Program Files\Azure Data Studio\bin;C:\Program Files\Microsoft SQL Server\130\Tools\Binn\;C:\Program Files\MySQL\MySQL Shell 8.0\bin\;C:\Users\Ravi Silva\AppData\Local\Microsoft\WindowsApps;C:\Users\Ravi Silva\AppData\Local\Programs\Microsoft VS Code\bin;C:\Users\Ravi Silva\AppData\Local\GitHubDesktop\bin;C:\Users\Ravi Silva\AppData\Roaming\npm;C:\Program Files\JetBrains\IntelliJ IDEA Community Edition 2021.3.2\bin;;C:\Program Files\MongoDB\Server\5.0\bin;C:\Users\Ravi Silva\.jdks\openjdk-17.0.2\bin;C:\Users\Ravi Silva\apache-maven-3.8.6\bin;C:\Users\Ravi Silva\.dotnet\tools;C:\Users\Ravi Silva\AppData\Local\Programs\Azure Data Studio\bin;C:\Program Files\Azure Data Studio\bin
9 verbose lifecycle frontend@0.0.0~start: CWD: C:\Users\Ravi Silva\Desktop\Curso Angular 9 - Cod3r\frontend
10 silly lifecycle frontend@0.0.0~start: Args: [ '/d /s /c', 'ng serve' ]
11 info lifecycle frontend@0.0.0~start: Failed to exec start script
12 verbose stack Error: frontend@0.0.0 start: `ng serve`
12 verbose stack spawn ENOENT
12 verbose stack     at ChildProcess.<anonymous> (C:\Program Files\nodejs\node_modules\npm\node_modules\npm-lifecycle\lib\spawn.js:48:18)
12 verbose stack     at ChildProcess.emit (events.js:376:20)
12 verbose stack     at maybeClose (internal/child_process.js:1055:16)
12 verbose stack     at Process.ChildProcess._handle.onexit (internal/child_process.js:288:5)
13 verbose pkgid frontend@0.0.0
14 verbose cwd C:\Users\Ravi Silva\Desktop\Curso Angular 9 - Cod3r\frontend
15 verbose Windows_NT 10.0.19043
16 verbose argv "C:\\Program Files\\nodejs\\node.exe" "C:\\Program Files\\nodejs\\node_modules\\npm\\bin\\npm-cli.js" "start"
17 verbose node v14.17.0
18 verbose npm  v6.14.13
19 error code ELIFECYCLE
20 error syscall spawn
21 error file C:\Windows\system32\cmd.exe
22 error errno ENOENT
23 error frontend@0.0.0 start: `ng serve`
23 error spawn ENOENT
24 error Failed at the frontend@0.0.0 start script.
24 error This is probably not a problem with npm. There is likely additional logging output above.
25 verbose exit [ 1, true ]
